{
  "stats": {
    "suites": 8,
    "tests": 24,
    "passes": 24,
    "pending": 0,
    "failures": 0,
    "start": "2021-10-07T19:11:48.099Z",
    "end": "2021-10-07T19:13:39.150Z",
    "duration": 78226,
    "testsRegistered": 24,
    "passPercent": 100,
    "pendingPercent": 0,
    "other": 0,
    "hasOther": false,
    "skipped": 0,
    "hasSkipped": false
  },
  "results": [
    {
      "uuid": "a16f1963-a91c-4531-b5ec-707721852bd0",
      "title": "",
      "fullFile": "cypress/integration/friend_data/add_friend.js",
      "file": "cypress/integration/friend_data/add_friend.js",
      "beforeHooks": [],
      "afterHooks": [],
      "tests": [],
      "suites": [
        {
          "uuid": "3e501465-b236-4fa7-a77a-6637c327c416",
          "title": "User adds a friend",
          "fullFile": "",
          "file": "",
          "beforeHooks": [],
          "afterHooks": [],
          "tests": [
            {
              "title": "User adds a new friend successfully",
              "fullTitle": "User adds a friend User adds a new friend successfully",
              "timedOut": null,
              "duration": 5273,
              "state": "passed",
              "speed": "slow",
              "pass": true,
              "fail": false,
              "pending": false,
              "context": null,
              "code": "const userData = [data.user.name[Math.floor(Math.random() * 5)], data.user.age[Math.floor(Math.random() * 5)], data.user.hobby[Math.floor(Math.random() * 5)]];\ncy.intercept('http://127.0.0.1:3000/add_user').as('addUser');\ncy.get('.add_friend input').eq(0).type(userData[0]);\ncy.get('.add_friend input').eq(1).type(userData[1]);\ncy.get('.add_friend input').eq(2).type(userData[2]);\ncy.contains('.add_friend button', 'Add a friend').click();\ncy.flashMessage('Friend was added');\ncy.wait('@addUser').then(res => {\n  expect(res.response.body.code).eq(201);\n});\ncy.request({\n  method: 'GET',\n  url: 'http://127.0.0.1:3000/show_users'\n}).then(res => {\n  const newData = res.body[res.body.length - 1];\n  expect(newData.name).eq(userData[0]);\n  expect(newData.age).eq(userData[1]);\n  expect(newData.hobby).eq(userData[2]); // Postcondition\n  cy.deleteTempUser(newData.id);\n});",
              "err": {},
              "uuid": "e0cd13eb-285a-4027-a9bd-a70bea3e0768",
              "parentUUID": "3e501465-b236-4fa7-a77a-6637c327c416",
              "isHook": false,
              "skipped": false
            },
            {
              "title": "[Negative] Empty fields verification",
              "fullTitle": "User adds a friend [Negative] Empty fields verification",
              "timedOut": null,
              "duration": 13774,
              "state": "passed",
              "speed": "slow",
              "pass": true,
              "fail": false,
              "pending": false,
              "context": null,
              "code": "cy.get('.add_friend input').eq(0).type('lorem');\ncy.get('.add_friend input').eq(1).type('25');\ncy.get('.add_friend input').eq(2).type('lorem');\ncy.intercept('http://127.0.0.1:3000/add_user').as('addUser');\ncy.get('.add_friend input').each(el => {\n  cy.wrap(el).clear();\n  cy.contains('.add_friend button', 'Add a friend').click();\n  cy.flashMessage('Please fill all fields');\n  cy.wait('@addUser').then(res => {\n    expect(res.response.body.code).eq(400);\n    cy.wrap(el).type('lorem');\n  });\n});",
              "err": {},
              "uuid": "a2a12cb1-ac7b-4c4e-9488-03764569e725",
              "parentUUID": "3e501465-b236-4fa7-a77a-6637c327c416",
              "isHook": false,
              "skipped": false
            }
          ],
          "suites": [],
          "passes": [
            "e0cd13eb-285a-4027-a9bd-a70bea3e0768",
            "a2a12cb1-ac7b-4c4e-9488-03764569e725"
          ],
          "failures": [],
          "pending": [],
          "skipped": [],
          "duration": 19047,
          "root": false,
          "rootEmpty": false,
          "_timeout": 2000
        }
      ],
      "passes": [],
      "failures": [],
      "pending": [],
      "skipped": [],
      "duration": 0,
      "root": true,
      "rootEmpty": true,
      "_timeout": 2000
    },
    {
      "uuid": "b8a6be3c-3553-45df-b859-edbd8f006b67",
      "title": "",
      "fullFile": "cypress/integration/friend_data/edit_friend.js",
      "file": "cypress/integration/friend_data/edit_friend.js",
      "beforeHooks": [],
      "afterHooks": [],
      "tests": [],
      "suites": [
        {
          "uuid": "4a5d2efc-6f77-4a49-b4d1-de360f402d4d",
          "title": "User edits info about friend",
          "fullFile": "",
          "file": "",
          "beforeHooks": [],
          "afterHooks": [],
          "tests": [
            {
              "title": "User chooses a friend",
              "fullTitle": "User edits info about friend User chooses a friend",
              "timedOut": null,
              "duration": 698,
              "state": "passed",
              "speed": "slow",
              "pass": true,
              "fail": false,
              "pending": false,
              "context": null,
              "code": "cy.getAllUsers().then(res => {\n  const nameArr = res.map(item => item.name);\n  cy.get('.change-name-friend .name-choose').each((el, index) => {\n    expect(el.text()).eq(nameArr[index]);\n  });\n});",
              "err": {},
              "uuid": "c193dd35-ca73-4ebb-88da-4d95897fd9de",
              "parentUUID": "4a5d2efc-6f77-4a49-b4d1-de360f402d4d",
              "isHook": false,
              "skipped": false
            },
            {
              "title": "User views info after choosing a friend",
              "fullTitle": "User edits info about friend User views info after choosing a friend",
              "timedOut": null,
              "duration": 514,
              "state": "passed",
              "speed": "slow",
              "pass": true,
              "fail": false,
              "pending": false,
              "context": null,
              "code": "cy.getAllUsers().then(res => {\n  let random = Math.floor(Math.random() * res.length);\n  const userData = [];\n  cy.get('.change-name-friend').click({\n    force: true\n  });\n  cy.get('.name-choose').eq(random).click({\n    force: true\n  });\n  cy.get('.change_friend input').each(el => userData.push(el.val())).then(() => {\n    expect(res[random].name).eq(userData[0]);\n    expect(String(res[random].age)).eq(userData[1]);\n    expect(res[random].hobby).eq(userData[2]);\n  });\n});",
              "err": {},
              "uuid": "ddab4e0e-ad04-40e0-9433-d82ebc2d3c1b",
              "parentUUID": "4a5d2efc-6f77-4a49-b4d1-de360f402d4d",
              "isHook": false,
              "skipped": false
            },
            {
              "title": "User edits info successfully",
              "fullTitle": "User edits info about friend User edits info successfully",
              "timedOut": null,
              "duration": 5396,
              "state": "passed",
              "speed": "slow",
              "pass": true,
              "fail": false,
              "pending": false,
              "context": null,
              "code": "cy.getAllUsers().then(res => {\n  let random = Math.floor(Math.random() * res.length);\n  let randomData = Math.floor(Math.random() * 5);\n  const oldUser = [res[random].name, res[random].age, res[random].hobby];\n  cy.intercept('PUT', 'http://127.0.0.1:3000/update_user').as('getResp');\n  cy.editFriend(random, data.user.name[randomData], data.user.age[randomData], data.user.hobby[randomData]);\n  cy.flashMessage('Data was changed');\n  cy.get('.change_friend input').each(el => {\n    cy.wrap(el).should('not.have.value');\n  });\n  cy.wait('@getResp').then(res => {\n    expect(res.response.body.code).eq(200);\n  });\n  cy.getAllUsers().then(user => {\n    expect(user[random].name).eq(data.user.name[randomData]);\n    expect(user[random].age).eq(data.user.age[randomData]);\n    expect(user[random].hobby).eq(data.user.hobby[randomData]); // Postcondition\n    cy.request({\n      method: 'PUT',\n      url: 'http://127.0.0.1:3000/update_user',\n      headers: {\n        'content-type': 'application/json'\n      },\n      body: {\n        userId: res[random].id,\n        name: oldUser[0],\n        age: oldUser[1],\n        hobby: oldUser[2]\n      }\n    });\n  });\n});",
              "err": {},
              "uuid": "7edc8826-4793-4f88-95d5-73e682a7fa61",
              "parentUUID": "4a5d2efc-6f77-4a49-b4d1-de360f402d4d",
              "isHook": false,
              "skipped": false
            },
            {
              "title": "[Negative] User doesn't choose a friend",
              "fullTitle": "User edits info about friend [Negative] User doesn't choose a friend",
              "timedOut": null,
              "duration": 4104,
              "state": "passed",
              "speed": "slow",
              "pass": true,
              "fail": false,
              "pending": false,
              "context": null,
              "code": "cy.intercept('PUT', 'http://127.0.0.1:3000/update_user').as('getRes');\ncy.contains('.change_friend button', 'Confirm').click();\ncy.flashMessage('Choose a friend');\ncy.wait('@getRes').then(res => {\n  expect(res.response.body.code).eq(400);\n});",
              "err": {},
              "uuid": "b5512e98-6ee1-483d-9881-dd3560b668a3",
              "parentUUID": "4a5d2efc-6f77-4a49-b4d1-de360f402d4d",
              "isHook": false,
              "skipped": false
            },
            {
              "title": "[Negative] Empty state validation",
              "fullTitle": "User edits info about friend [Negative] Empty state validation",
              "timedOut": null,
              "duration": 13709,
              "state": "passed",
              "speed": "slow",
              "pass": true,
              "fail": false,
              "pending": false,
              "context": null,
              "code": "cy.getAllUsers().then(res => {\n  let random = Math.floor(Math.random() * res.length);\n  cy.intercept('PUT', 'http://127.0.0.1:3000/update_user').as('getRes');\n  cy.get('.change_friend input').each((el, index) => {\n    cy.get('.change-name-friend').click({\n      force: true\n    });\n    cy.get('.name-choose').eq(random).click({\n      force: true\n    });\n    cy.wrap(el).clear({\n      force: true\n    });\n    cy.contains('.change_friend button', 'Confirm').click();\n    cy.flashMessage('Please fill all fields');\n    cy.wait('@getRes').then(res => {\n      expect(res.response.body.code).eq(400);\n    }); // Postcondition\n    cy.wrap(el).type('lorem');\n  });\n});",
              "err": {},
              "uuid": "65611ef2-4453-45d0-aad7-1db43be7ef31",
              "parentUUID": "4a5d2efc-6f77-4a49-b4d1-de360f402d4d",
              "isHook": false,
              "skipped": false
            }
          ],
          "suites": [],
          "passes": [
            "c193dd35-ca73-4ebb-88da-4d95897fd9de",
            "ddab4e0e-ad04-40e0-9433-d82ebc2d3c1b",
            "7edc8826-4793-4f88-95d5-73e682a7fa61",
            "b5512e98-6ee1-483d-9881-dd3560b668a3",
            "65611ef2-4453-45d0-aad7-1db43be7ef31"
          ],
          "failures": [],
          "pending": [],
          "skipped": [],
          "duration": 24421,
          "root": false,
          "rootEmpty": false,
          "_timeout": 2000
        }
      ],
      "passes": [],
      "failures": [],
      "pending": [],
      "skipped": [],
      "duration": 0,
      "root": true,
      "rootEmpty": true,
      "_timeout": 2000
    },
    {
      "uuid": "ad692d27-91ba-4157-a2bb-1d37a49d46be",
      "title": "",
      "fullFile": "cypress/integration/friend_data/remove_friend.js",
      "file": "cypress/integration/friend_data/remove_friend.js",
      "beforeHooks": [],
      "afterHooks": [],
      "tests": [],
      "suites": [
        {
          "uuid": "c40ca955-9075-47c6-b1cc-f64fd2af4278",
          "title": "User removes a friend",
          "fullFile": "",
          "file": "",
          "beforeHooks": [],
          "afterHooks": [],
          "tests": [
            {
              "title": "User chooses a friend",
              "fullTitle": "User removes a friend User chooses a friend",
              "timedOut": null,
              "duration": 793,
              "state": "passed",
              "speed": "slow",
              "pass": true,
              "fail": false,
              "pending": false,
              "context": null,
              "code": "cy.getAllUsers().then(res => {\n  const userNames = res.map(item => item.name);\n  cy.get('.delete_friend .name-choose').each((el, index) => {\n    expect(el.text()).eq(userNames[index]);\n  });\n});",
              "err": {},
              "uuid": "a4d2ef20-4b21-4bfb-b880-770580ad57b5",
              "parentUUID": "c40ca955-9075-47c6-b1cc-f64fd2af4278",
              "isHook": false,
              "skipped": false
            },
            {
              "title": "User views info after choosing a friend",
              "fullTitle": "User removes a friend User views info after choosing a friend",
              "timedOut": null,
              "duration": 697,
              "state": "passed",
              "speed": "slow",
              "pass": true,
              "fail": false,
              "pending": false,
              "context": null,
              "code": "cy.getAllUsers().then(res => {\n  let random = Math.floor(Math.random() * res.length);\n  cy.get('.delete-name-friend').click({\n    force: true\n  });\n  cy.get('.delete-name-friend .name-choose').eq(random).click({\n    force: true\n  });\n  cy.get('.delete_friend td').eq(0).invoke('text').should('eq', res[random].name);\n  cy.get('.delete_friend td').eq(1).invoke('text').should('eq', String(res[random].age));\n  cy.get('.delete_friend td').eq(2).invoke('text').should('eq', res[random].hobby);\n});",
              "err": {},
              "uuid": "5a6da131-eca2-44a3-9353-6ec7eeda323d",
              "parentUUID": "c40ca955-9075-47c6-b1cc-f64fd2af4278",
              "isHook": false,
              "skipped": false
            },
            {
              "title": "User remove a friend successfully",
              "fullTitle": "User removes a friend User remove a friend successfully",
              "timedOut": null,
              "duration": 4557,
              "state": "passed",
              "speed": "slow",
              "pass": true,
              "fail": false,
              "pending": false,
              "context": null,
              "code": "cy.createTempUser().then(tempUserId => {\n  cy.reload();\n  cy.contains('.aside-list>li', 'Delete friends').click();\n  cy.getAllUsers().then(res => {\n    expect(res[res.length - 1].id).eq(tempUserId);\n  });\n  cy.intercept('DELETE', 'http://127.0.0.1:3000/remove_user').as('getRes');\n  cy.get('.delete-name-friend').click({\n    force: true\n  });\n  cy.get('.delete-name-friend .name-choose').last().click({\n    force: true\n  });\n  cy.contains('.delete_friend button', 'Delete a friend').click();\n  cy.flashMessage('Friend was removed');\n  cy.wait('@getRes').then(res => {\n    expect(res.response.body.code).eq(200);\n  });\n  cy.getAllUsers().then(res => {\n    const idArr = res.map(item => item.id);\n    expect(idArr.includes(tempUserId)).eq(false);\n  });\n});",
              "err": {},
              "uuid": "3e74e725-2068-4f0b-bc1c-202eeb8f0966",
              "parentUUID": "c40ca955-9075-47c6-b1cc-f64fd2af4278",
              "isHook": false,
              "skipped": false
            },
            {
              "title": "[Negative] User doesn't choose a friend",
              "fullTitle": "User removes a friend [Negative] User doesn't choose a friend",
              "timedOut": null,
              "duration": 4165,
              "state": "passed",
              "speed": "slow",
              "pass": true,
              "fail": false,
              "pending": false,
              "context": null,
              "code": "cy.intercept('DELETE', 'http://127.0.0.1:3000/remove_user').as('getRes');\ncy.contains('.delete_friend button', 'Delete a friend').click();\ncy.flashMessage('Choose a friend');\ncy.wait('@getRes').then(res => {\n  expect(res.response.body.code).eq(400);\n});",
              "err": {},
              "uuid": "025ae88c-b338-401c-8a30-cfef43556210",
              "parentUUID": "c40ca955-9075-47c6-b1cc-f64fd2af4278",
              "isHook": false,
              "skipped": false
            }
          ],
          "suites": [],
          "passes": [
            "a4d2ef20-4b21-4bfb-b880-770580ad57b5",
            "5a6da131-eca2-44a3-9353-6ec7eeda323d",
            "3e74e725-2068-4f0b-bc1c-202eeb8f0966",
            "025ae88c-b338-401c-8a30-cfef43556210"
          ],
          "failures": [],
          "pending": [],
          "skipped": [],
          "duration": 10212,
          "root": false,
          "rootEmpty": false,
          "_timeout": 2000
        }
      ],
      "passes": [],
      "failures": [],
      "pending": [],
      "skipped": [],
      "duration": 0,
      "root": true,
      "rootEmpty": true,
      "_timeout": 2000
    },
    {
      "uuid": "7115e23f-defc-4a7d-86d0-c3aa33b893fb",
      "title": "",
      "fullFile": "cypress/integration/friend_data/show_friends.js",
      "file": "cypress/integration/friend_data/show_friends.js",
      "beforeHooks": [],
      "afterHooks": [],
      "tests": [],
      "suites": [
        {
          "uuid": "7fa4a74a-a37c-406d-91b3-dde6376a730d",
          "title": "Show all friends in app",
          "fullFile": "",
          "file": "",
          "beforeHooks": [],
          "afterHooks": [],
          "tests": [
            {
              "title": "User gets all friends in show all tab",
              "fullTitle": "Show all friends in app User gets all friends in show all tab",
              "timedOut": null,
              "duration": 1002,
              "state": "passed",
              "speed": "slow",
              "pass": true,
              "fail": false,
              "pending": false,
              "context": null,
              "code": "cy.request({\n  method: 'GET',\n  url: 'http://127.0.0.1:3000/show_users'\n}).then(res => {\n  const data = [];\n  let dataArr = [];\n  for (let i in res.body) {\n    let temp = Object.values(res.body[i]);\n    dataArr.push(temp[1], temp[2], temp[3]);\n  }\n  cy.contains('button', 'Show all friends').click();\n  cy.get('.table-wrap td').each((el, index) => {\n    data.push(el.text());\n  }).then(() => {\n    for (let i = 0; i < data.length; i++) {\n      expect(data[i]).eq(String(dataArr[i]));\n    }\n  });\n});",
              "err": {},
              "uuid": "1ea1b3c6-7303-47dc-baba-3ce9a39fbe07",
              "parentUUID": "7fa4a74a-a37c-406d-91b3-dde6376a730d",
              "isHook": false,
              "skipped": false
            }
          ],
          "suites": [],
          "passes": [
            "1ea1b3c6-7303-47dc-baba-3ce9a39fbe07"
          ],
          "failures": [],
          "pending": [],
          "skipped": [],
          "duration": 1002,
          "root": false,
          "rootEmpty": false,
          "_timeout": 2000
        }
      ],
      "passes": [],
      "failures": [],
      "pending": [],
      "skipped": [],
      "duration": 0,
      "root": true,
      "rootEmpty": true,
      "_timeout": 2000
    },
    {
      "uuid": "82bbf829-6c9f-42fe-bf44-668aaead748b",
      "title": "",
      "fullFile": "cypress/integration/login/login.js",
      "file": "cypress/integration/login/login.js",
      "beforeHooks": [],
      "afterHooks": [],
      "tests": [],
      "suites": [
        {
          "uuid": "5d64a9c3-257e-4ef4-b0c5-0d7642fee5df",
          "title": "Guess User logs in the system",
          "fullFile": "",
          "file": "",
          "beforeHooks": [],
          "afterHooks": [],
          "tests": [
            {
              "title": "Guess user logs in the system successfully",
              "fullTitle": "Guess User logs in the system Guess user logs in the system successfully",
              "timedOut": null,
              "duration": 1690,
              "state": "passed",
              "speed": "slow",
              "pass": true,
              "fail": false,
              "pending": false,
              "context": null,
              "code": "cy.loginNoToken().wait(500);\ncy.url().should('not.include', 'login');\ncy.getCookie('token').should('exist');",
              "err": {},
              "uuid": "bde2e19b-b015-4900-be97-5782f096bcc6",
              "parentUUID": "5d64a9c3-257e-4ef4-b0c5-0d7642fee5df",
              "isHook": false,
              "skipped": false
            },
            {
              "title": "User views password on login page",
              "fullTitle": "Guess User logs in the system User views password on login page",
              "timedOut": null,
              "duration": 672,
              "state": "passed",
              "speed": "slow",
              "pass": true,
              "fail": false,
              "pending": false,
              "context": null,
              "code": "cy.get('#password').type('123456');\ncy.get('#password+i').click();\ncy.get('#password').should('have.attr', 'type', 'text');\ncy.get('#password+i').click();\ncy.get('#password').should('have.attr', 'type', 'password');",
              "err": {},
              "uuid": "68710ca6-fb33-4247-9390-5409672895bc",
              "parentUUID": "5d64a9c3-257e-4ef4-b0c5-0d7642fee5df",
              "isHook": false,
              "skipped": false
            },
            {
              "title": "[Negative] Guest user doesn't fill email field",
              "fullTitle": "Guess User logs in the system [Negative] Guest user doesn't fill email field",
              "timedOut": null,
              "duration": 4006,
              "state": "passed",
              "speed": "slow",
              "pass": true,
              "fail": false,
              "pending": false,
              "context": null,
              "code": "cy.intercept('POST', 'http://127.0.0.1:3000/login_user').as('getResp');\ncy.get('#password').type(data.password);\ncy.contains('button', 'Log in').click();\ncy.wait('@getResp').then(data => {\n  expect(data.response.body.code).eq(400);\n  cy.flashMessage('Please fill all fields');\n});",
              "err": {},
              "uuid": "29f6df57-c6bf-421f-ad6f-3c83ecfe51a3",
              "parentUUID": "5d64a9c3-257e-4ef4-b0c5-0d7642fee5df",
              "isHook": false,
              "skipped": false
            },
            {
              "title": "[Negative] Guest user doesn't fill password field",
              "fullTitle": "Guess User logs in the system [Negative] Guest user doesn't fill password field",
              "timedOut": null,
              "duration": 4357,
              "state": "passed",
              "speed": "slow",
              "pass": true,
              "fail": false,
              "pending": false,
              "context": null,
              "code": "cy.intercept('POST', 'http://127.0.0.1:3000/login_user').as('getResp');\ncy.get('#email').type(data.email);\ncy.contains('button', 'Log in').click();\ncy.wait('@getResp').then(data => {\n  expect(data.response.body.code).eq(400);\n  cy.flashMessage('Please fill all fields');\n});",
              "err": {},
              "uuid": "509e1ec8-80a4-4d50-b70f-1fbe44e81d71",
              "parentUUID": "5d64a9c3-257e-4ef4-b0c5-0d7642fee5df",
              "isHook": false,
              "skipped": false
            },
            {
              "title": "[Negative] Guest user uses unregistered email",
              "fullTitle": "Guess User logs in the system [Negative] Guest user uses unregistered email",
              "timedOut": null,
              "duration": 4346,
              "state": "passed",
              "speed": "slow",
              "pass": true,
              "fail": false,
              "pending": false,
              "context": null,
              "code": "cy.intercept('POST', 'http://127.0.0.1:3000/login_user').as('getResp');\ncy.loginFillFields(data.unregisteredEmail, data.password);\ncy.wait('@getResp').then(data => {\n  expect(data.response.body.code).eq(401);\n  cy.flashMessage('Incorrect password or login');\n});",
              "err": {},
              "uuid": "171cb314-525b-4863-8f14-24e17d7c0bec",
              "parentUUID": "5d64a9c3-257e-4ef4-b0c5-0d7642fee5df",
              "isHook": false,
              "skipped": false
            },
            {
              "title": "[Negative] Guest user uses incorrect password",
              "fullTitle": "Guess User logs in the system [Negative] Guest user uses incorrect password",
              "timedOut": null,
              "duration": 4444,
              "state": "passed",
              "speed": "slow",
              "pass": true,
              "fail": false,
              "pending": false,
              "context": null,
              "code": "cy.intercept('POST', 'http://127.0.0.1:3000/login_user').as('getResp');\ncy.loginFillFields(data.email, '5');\ncy.wait('@getResp').then(data => {\n  expect(data.response.body.code).eq(401);\n  cy.flashMessage('Incorrect password or login');\n});",
              "err": {},
              "uuid": "5545360c-7dc6-4c41-9ea9-37544d299adf",
              "parentUUID": "5d64a9c3-257e-4ef4-b0c5-0d7642fee5df",
              "isHook": false,
              "skipped": false
            }
          ],
          "suites": [],
          "passes": [
            "bde2e19b-b015-4900-be97-5782f096bcc6",
            "68710ca6-fb33-4247-9390-5409672895bc",
            "29f6df57-c6bf-421f-ad6f-3c83ecfe51a3",
            "509e1ec8-80a4-4d50-b70f-1fbe44e81d71",
            "171cb314-525b-4863-8f14-24e17d7c0bec",
            "5545360c-7dc6-4c41-9ea9-37544d299adf"
          ],
          "failures": [],
          "pending": [],
          "skipped": [],
          "duration": 19515,
          "root": false,
          "rootEmpty": false,
          "_timeout": 2000
        }
      ],
      "passes": [],
      "failures": [],
      "pending": [],
      "skipped": [],
      "duration": 0,
      "root": true,
      "rootEmpty": true,
      "_timeout": 2000
    },
    {
      "uuid": "ea433dfb-a082-4a2f-82e6-a371acbca22b",
      "title": "",
      "fullFile": "cypress/integration/login/logout.js",
      "file": "cypress/integration/login/logout.js",
      "beforeHooks": [],
      "afterHooks": [],
      "tests": [],
      "suites": [
        {
          "uuid": "79fc2a05-a698-4530-b4bf-f1e71d9264f1",
          "title": "User logs out of the System",
          "fullFile": "",
          "file": "",
          "beforeHooks": [],
          "afterHooks": [],
          "tests": [
            {
              "title": "User logs out of the System successfully",
              "fullTitle": "User logs out of the System User logs out of the System successfully",
              "timedOut": null,
              "duration": 965,
              "state": "passed",
              "speed": "slow",
              "pass": true,
              "fail": false,
              "pending": false,
              "context": null,
              "code": "cy.getToken();\ncy.visit('/');\ncy.get('.header-profile > button').click();\ncy.url().should('include', 'login');\ncy.getCookie('token').should('not.exist');",
              "err": {},
              "uuid": "af9b3cfb-17b8-4a63-97b3-7d06e8ebe77c",
              "parentUUID": "79fc2a05-a698-4530-b4bf-f1e71d9264f1",
              "isHook": false,
              "skipped": false
            }
          ],
          "suites": [],
          "passes": [
            "af9b3cfb-17b8-4a63-97b3-7d06e8ebe77c"
          ],
          "failures": [],
          "pending": [],
          "skipped": [],
          "duration": 965,
          "root": false,
          "rootEmpty": false,
          "_timeout": 2000
        }
      ],
      "passes": [],
      "failures": [],
      "pending": [],
      "skipped": [],
      "duration": 0,
      "root": true,
      "rootEmpty": true,
      "_timeout": 2000
    },
    {
      "uuid": "10d5154a-a96e-4894-9e1c-d17746672100",
      "title": "",
      "fullFile": "cypress/integration/profile/navigate_profile.js",
      "file": "cypress/integration/profile/navigate_profile.js",
      "beforeHooks": [],
      "afterHooks": [],
      "tests": [],
      "suites": [
        {
          "uuid": "765bee90-0765-4a94-a22f-3286fc87abe1",
          "title": "User navigates to profile page",
          "fullFile": "",
          "file": "",
          "beforeHooks": [],
          "afterHooks": [],
          "tests": [
            {
              "title": "User navigates to profile page from index",
              "fullTitle": "User navigates to profile page User navigates to profile page from index",
              "timedOut": null,
              "duration": 787,
              "state": "passed",
              "speed": "slow",
              "pass": true,
              "fail": false,
              "pending": false,
              "context": null,
              "code": "cy.visit('/');\ncy.get('.header-profile a[href=\"/profile\"]').click();\ncy.url().should('include', 'profile');",
              "err": {},
              "uuid": "d8230bbf-26b6-40aa-afba-75b15d7785f9",
              "parentUUID": "765bee90-0765-4a94-a22f-3286fc87abe1",
              "isHook": false,
              "skipped": false
            },
            {
              "title": "User backs to index page from profile",
              "fullTitle": "User navigates to profile page User backs to index page from profile",
              "timedOut": null,
              "duration": 479,
              "state": "passed",
              "speed": "slow",
              "pass": true,
              "fail": false,
              "pending": false,
              "context": null,
              "code": "cy.visit('/profile');\ncy.get('.header-wrap a[href=\"/\"]').click();\ncy.url().should('not.include', 'profile');",
              "err": {},
              "uuid": "cd42d10f-7999-4f05-8ca4-7085051fbff2",
              "parentUUID": "765bee90-0765-4a94-a22f-3286fc87abe1",
              "isHook": false,
              "skipped": false
            }
          ],
          "suites": [],
          "passes": [
            "d8230bbf-26b6-40aa-afba-75b15d7785f9",
            "cd42d10f-7999-4f05-8ca4-7085051fbff2"
          ],
          "failures": [],
          "pending": [],
          "skipped": [],
          "duration": 1266,
          "root": false,
          "rootEmpty": false,
          "_timeout": 2000
        }
      ],
      "passes": [],
      "failures": [],
      "pending": [],
      "skipped": [],
      "duration": 0,
      "root": true,
      "rootEmpty": true,
      "_timeout": 2000
    },
    {
      "uuid": "28dcfd96-bf2f-4b96-8ec2-e03b0e101e19",
      "title": "",
      "fullFile": "cypress/integration/errors/errors.js",
      "file": "cypress/integration/errors/errors.js",
      "beforeHooks": [],
      "afterHooks": [],
      "tests": [],
      "suites": [
        {
          "uuid": "d862ed55-8bd4-479a-a2ac-c4480ce74a92",
          "title": "User gets error page",
          "fullFile": "",
          "file": "",
          "beforeHooks": [],
          "afterHooks": [],
          "tests": [
            {
              "title": "Unauthorized user gets 401 error after navigating to profile page",
              "fullTitle": "User gets error page Unauthorized user gets 401 error after navigating to profile page",
              "timedOut": null,
              "duration": 1162,
              "state": "passed",
              "speed": "slow",
              "pass": true,
              "fail": false,
              "pending": false,
              "context": null,
              "code": "cy.intercept('GET', 'http://127.0.0.1:3000/profile').as('getError');\ncy.visit('/profile', {\n  failOnStatusCode: false\n});\ncy.wait('@getError').then(res => {\n  expect(res.response.statusCode).eq(401);\n  cy.get('.error-page_btn[href=\"/login\"]').click();\n  cy.url().should('include', 'login');\n});",
              "err": {},
              "uuid": "0264e8a1-5667-4baf-90a9-f52d408512a7",
              "parentUUID": "d862ed55-8bd4-479a-a2ac-c4480ce74a92",
              "isHook": false,
              "skipped": false
            },
            {
              "title": "Authorized user gets 403 error after navigating to admin page",
              "fullTitle": "User gets error page Authorized user gets 403 error after navigating to admin page",
              "timedOut": null,
              "duration": 260,
              "state": "passed",
              "speed": "slow",
              "pass": true,
              "fail": false,
              "pending": false,
              "context": null,
              "code": "cy.intercept('GET', 'http://127.0.0.1:3000/admin').as('getError');\ncy.getToken();\ncy.visit('/admin', {\n  failOnStatusCode: false\n});\ncy.wait('@getError').then(res => {\n  expect(res.response.statusCode).eq(403);\n});",
              "err": {},
              "uuid": "02e23574-fc8d-4fbc-8934-f3e1f567943a",
              "parentUUID": "d862ed55-8bd4-479a-a2ac-c4480ce74a92",
              "isHook": false,
              "skipped": false
            },
            {
              "title": "User gets 403 error after navigating to admin page",
              "fullTitle": "User gets error page User gets 403 error after navigating to admin page",
              "timedOut": null,
              "duration": 376,
              "state": "passed",
              "speed": "slow",
              "pass": true,
              "fail": false,
              "pending": false,
              "context": null,
              "code": "let random = '';\nfor (let i = 0; i < 2; i++) {\n  random = random + Math.random().toString(36).substr(2, 3);\n}\ncy.intercept('GET', `http://127.0.0.1:3000/${random}`).as('getError');\ncy.visit(`/${random}`, {\n  failOnStatusCode: false\n});\ncy.wait('@getError').then(res => {\n  expect(res.response.statusCode).eq(404);\n});",
              "err": {},
              "uuid": "3a017042-daa4-42f1-b4ac-f8c103f05db1",
              "parentUUID": "d862ed55-8bd4-479a-a2ac-c4480ce74a92",
              "isHook": false,
              "skipped": false
            }
          ],
          "suites": [],
          "passes": [
            "0264e8a1-5667-4baf-90a9-f52d408512a7",
            "02e23574-fc8d-4fbc-8934-f3e1f567943a",
            "3a017042-daa4-42f1-b4ac-f8c103f05db1"
          ],
          "failures": [],
          "pending": [],
          "skipped": [],
          "duration": 1798,
          "root": false,
          "rootEmpty": false,
          "_timeout": 2000
        }
      ],
      "passes": [],
      "failures": [],
      "pending": [],
      "skipped": [],
      "duration": 0,
      "root": true,
      "rootEmpty": true,
      "_timeout": 2000
    }
  ],
  "meta": {
    "mocha": {
      "version": "7.0.1"
    },
    "mochawesome": {
      "options": {
        "quiet": false,
        "reportFilename": "mochawesome",
        "saveHtml": false,
        "saveJson": true,
        "consoleReporter": "spec",
        "useInlineDiffs": false,
        "code": true
      },
      "version": "6.3.1"
    },
    "marge": {
      "options": {
        "id": "default",
        "reportDir": "cypress/results/mochawesome",
        "quite": true,
        "overwrite": false,
        "html": false,
        "json": true
      },
      "version": "5.2.0"
    }
  }
}